C:\Users\harshilkansagara\source\repos\Zomato\Zomato\Zomato.Web\app\dist\out-tsc\e2e\src\app.po.js
C:\Users\harshilkansagara\source\repos\Zomato\Zomato\Zomato.Web\app\dist\out-tsc\e2e\src\app.po.js.map
C:\Users\harshilkansagara\source\repos\Zomato\Zomato\Zomato.Web\app\dist\out-tsc\e2e\src\app.e2e-spec.js
C:\Users\harshilkansagara\source\repos\Zomato\Zomato\Zomato.Web\app\dist\out-tsc\e2e\src\app.e2e-spec.js.map
C:\Users\harshilkansagara\source\repos\Zomato\Zomato\Zomato.Web\app\dist\out-tsc\src\app\page-not-found.component.js
C:\Users\harshilkansagara\source\repos\Zomato\Zomato\Zomato.Web\app\dist\out-tsc\src\app\page-not-found.component.js.map
C:\Users\harshilkansagara\source\repos\Zomato\Zomato\Zomato.Web\app\dist\out-tsc\src\app\service\debug.service.js
C:\Users\harshilkansagara\source\repos\Zomato\Zomato\Zomato.Web\app\dist\out-tsc\src\app\service\debug.service.js.map
C:\Users\harshilkansagara\source\repos\Zomato\Zomato\Zomato.Web\app\dist\out-tsc\src\app\model\cart-item.js
C:\Users\harshilkansagara\source\repos\Zomato\Zomato\Zomato.Web\app\dist\out-tsc\src\app\model\cart-item.js.map
C:\Users\harshilkansagara\source\repos\Zomato\Zomato\Zomato.Web\app\dist\out-tsc\src\app\model\order.js
C:\Users\harshilkansagara\source\repos\Zomato\Zomato\Zomato.Web\app\dist\out-tsc\src\app\model\order.js.map
C:\Users\harshilkansagara\source\repos\Zomato\Zomato\Zomato.Web\app\dist\out-tsc\src\app\service\order-notification.service.js
C:\Users\harshilkansagara\source\repos\Zomato\Zomato\Zomato.Web\app\dist\out-tsc\src\app\service\order-notification.service.js.map
C:\Users\harshilkansagara\source\repos\Zomato\Zomato\Zomato.Web\app\dist\out-tsc\src\app\model\order-item-detail.js
C:\Users\harshilkansagara\source\repos\Zomato\Zomato\Zomato.Web\app\dist\out-tsc\src\app\model\order-item-detail.js.map
C:\Users\harshilkansagara\source\repos\Zomato\Zomato\Zomato.Web\app\dist\out-tsc\src\app\model\order-detail.js
C:\Users\harshilkansagara\source\repos\Zomato\Zomato\Zomato.Web\app\dist\out-tsc\src\app\model\order-detail.js.map
C:\Users\harshilkansagara\source\repos\Zomato\Zomato\Zomato.Web\app\dist\out-tsc\src\app\service\order.service.js
C:\Users\harshilkansagara\source\repos\Zomato\Zomato\Zomato.Web\app\dist\out-tsc\src\app\service\order.service.js.map
C:\Users\harshilkansagara\source\repos\Zomato\Zomato\Zomato.Web\app\dist\out-tsc\src\app\admin\admin.component.js
C:\Users\harshilkansagara\source\repos\Zomato\Zomato\Zomato.Web\app\dist\out-tsc\src\app\admin\admin.component.js.map
C:\Users\harshilkansagara\source\repos\Zomato\Zomato\Zomato.Web\app\dist\out-tsc\src\app\app-routing.module.js
C:\Users\harshilkansagara\source\repos\Zomato\Zomato\Zomato.Web\app\dist\out-tsc\src\app\app-routing.module.js.map
C:\Users\harshilkansagara\source\repos\Zomato\Zomato\Zomato.Web\app\dist\out-tsc\src\app\app.component.js
C:\Users\harshilkansagara\source\repos\Zomato\Zomato\Zomato.Web\app\dist\out-tsc\src\app\app.component.js.map
C:\Users\harshilkansagara\source\repos\Zomato\Zomato\Zomato.Web\app\dist\out-tsc\src\app\app.module.js
C:\Users\harshilkansagara\source\repos\Zomato\Zomato\Zomato.Web\app\dist\out-tsc\src\app\app.module.js.map
C:\Users\harshilkansagara\source\repos\Zomato\Zomato\Zomato.Web\app\dist\out-tsc\src\environments\environment.js
C:\Users\harshilkansagara\source\repos\Zomato\Zomato\Zomato.Web\app\dist\out-tsc\src\environments\environment.js.map
C:\Users\harshilkansagara\source\repos\Zomato\Zomato\Zomato.Web\app\dist\out-tsc\src\main.js
C:\Users\harshilkansagara\source\repos\Zomato\Zomato\Zomato.Web\app\dist\out-tsc\src\main.js.map
C:\Users\harshilkansagara\source\repos\Zomato\Zomato\Zomato.Web\app\dist\out-tsc\src\polyfills.js
C:\Users\harshilkansagara\source\repos\Zomato\Zomato\Zomato.Web\app\dist\out-tsc\src\polyfills.js.map
C:\Users\harshilkansagara\source\repos\Zomato\Zomato\Zomato.Web\app\dist\out-tsc\src\test.js
C:\Users\harshilkansagara\source\repos\Zomato\Zomato\Zomato.Web\app\dist\out-tsc\src\test.js.map
C:\Users\harshilkansagara\source\repos\Zomato\Zomato\Zomato.Web\app\dist\out-tsc\src\app\app.component.spec.js
C:\Users\harshilkansagara\source\repos\Zomato\Zomato\Zomato.Web\app\dist\out-tsc\src\app\app.component.spec.js.map
C:\Users\harshilkansagara\source\repos\Zomato\Zomato\Zomato.Web\app\dist\out-tsc\src\app\model\login.js
C:\Users\harshilkansagara\source\repos\Zomato\Zomato\Zomato.Web\app\dist\out-tsc\src\app\model\login.js.map
C:\Users\harshilkansagara\source\repos\Zomato\Zomato\Zomato.Web\app\dist\out-tsc\src\app\model\register.js
C:\Users\harshilkansagara\source\repos\Zomato\Zomato\Zomato.Web\app\dist\out-tsc\src\app\model\register.js.map
C:\Users\harshilkansagara\source\repos\Zomato\Zomato\Zomato.Web\app\dist\out-tsc\src\app\service\account.service.js
C:\Users\harshilkansagara\source\repos\Zomato\Zomato\Zomato.Web\app\dist\out-tsc\src\app\service\account.service.js.map
C:\Users\harshilkansagara\source\repos\Zomato\Zomato\Zomato.Web\app\dist\out-tsc\src\app\admin\account\login\login.component.js
C:\Users\harshilkansagara\source\repos\Zomato\Zomato\Zomato.Web\app\dist\out-tsc\src\app\admin\account\login\login.component.js.map
C:\Users\harshilkansagara\source\repos\Zomato\Zomato\Zomato.Web\app\dist\out-tsc\src\app\admin\account\register\register.component.js
C:\Users\harshilkansagara\source\repos\Zomato\Zomato\Zomato.Web\app\dist\out-tsc\src\app\admin\account\register\register.component.js.map
C:\Users\harshilkansagara\source\repos\Zomato\Zomato\Zomato.Web\app\dist\out-tsc\src\app\model\restaurant.js
C:\Users\harshilkansagara\source\repos\Zomato\Zomato\Zomato.Web\app\dist\out-tsc\src\app\model\restaurant.js.map
C:\Users\harshilkansagara\source\repos\Zomato\Zomato\Zomato.Web\app\dist\out-tsc\src\app\model\category.js
C:\Users\harshilkansagara\source\repos\Zomato\Zomato\Zomato.Web\app\dist\out-tsc\src\app\model\category.js.map
C:\Users\harshilkansagara\source\repos\Zomato\Zomato\Zomato.Web\app\dist\out-tsc\src\app\model\cuisine.js
C:\Users\harshilkansagara\source\repos\Zomato\Zomato\Zomato.Web\app\dist\out-tsc\src\app\model\cuisine.js.map
C:\Users\harshilkansagara\source\repos\Zomato\Zomato\Zomato.Web\app\dist\out-tsc\src\app\service\restaurant.service.js
C:\Users\harshilkansagara\source\repos\Zomato\Zomato\Zomato.Web\app\dist\out-tsc\src\app\service\restaurant.service.js.map
C:\Users\harshilkansagara\source\repos\Zomato\Zomato\Zomato.Web\app\dist\out-tsc\src\app\admin\restaurant\list\list-restaurant.component.js
C:\Users\harshilkansagara\source\repos\Zomato\Zomato\Zomato.Web\app\dist\out-tsc\src\app\admin\restaurant\list\list-restaurant.component.js.map
C:\Users\harshilkansagara\source\repos\Zomato\Zomato\Zomato.Web\app\dist\out-tsc\src\app\admin\restaurant\add-restaurant\add-restaurant.component.js
C:\Users\harshilkansagara\source\repos\Zomato\Zomato\Zomato.Web\app\dist\out-tsc\src\app\admin\restaurant\add-restaurant\add-restaurant.component.js.map
C:\Users\harshilkansagara\source\repos\Zomato\Zomato\Zomato.Web\app\dist\out-tsc\src\app\admin\restaurant\add-restaurant\add-restaurant-info.component.js
C:\Users\harshilkansagara\source\repos\Zomato\Zomato\Zomato.Web\app\dist\out-tsc\src\app\admin\restaurant\add-restaurant\add-restaurant-info.component.js.map
C:\Users\harshilkansagara\source\repos\Zomato\Zomato\Zomato.Web\app\dist\out-tsc\src\app\service\cuisine.service.js
C:\Users\harshilkansagara\source\repos\Zomato\Zomato\Zomato.Web\app\dist\out-tsc\src\app\service\cuisine.service.js.map
C:\Users\harshilkansagara\source\repos\Zomato\Zomato\Zomato.Web\app\dist\out-tsc\src\app\service\category.service.js
C:\Users\harshilkansagara\source\repos\Zomato\Zomato\Zomato.Web\app\dist\out-tsc\src\app\service\category.service.js.map
C:\Users\harshilkansagara\source\repos\Zomato\Zomato\Zomato.Web\app\dist\out-tsc\src\app\admin\restaurant\add-restaurant\add-restaurant-search.component.js
C:\Users\harshilkansagara\source\repos\Zomato\Zomato\Zomato.Web\app\dist\out-tsc\src\app\admin\restaurant\add-restaurant\add-restaurant-search.component.js.map
C:\Users\harshilkansagara\source\repos\Zomato\Zomato\Zomato.Web\app\dist\out-tsc\src\app\service\restaurant-resolver.service.js
C:\Users\harshilkansagara\source\repos\Zomato\Zomato\Zomato.Web\app\dist\out-tsc\src\app\service\restaurant-resolver.service.js.map
C:\Users\harshilkansagara\source\repos\Zomato\Zomato\Zomato.Web\app\dist\out-tsc\src\app\model\menu.js
C:\Users\harshilkansagara\source\repos\Zomato\Zomato\Zomato.Web\app\dist\out-tsc\src\app\model\menu.js.map
C:\Users\harshilkansagara\source\repos\Zomato\Zomato\Zomato.Web\app\dist\out-tsc\src\app\service\menu.service.js
C:\Users\harshilkansagara\source\repos\Zomato\Zomato\Zomato.Web\app\dist\out-tsc\src\app\service\menu.service.js.map
C:\Users\harshilkansagara\source\repos\Zomato\Zomato\Zomato.Web\app\dist\out-tsc\src\app\admin\restaurant\add-menu\add-menu.component.js
C:\Users\harshilkansagara\source\repos\Zomato\Zomato\Zomato.Web\app\dist\out-tsc\src\app\admin\restaurant\add-menu\add-menu.component.js.map
C:\Users\harshilkansagara\source\repos\Zomato\Zomato\Zomato.Web\app\dist\out-tsc\src\app\consumer\user\order\user-order.component.js
C:\Users\harshilkansagara\source\repos\Zomato\Zomato\Zomato.Web\app\dist\out-tsc\src\app\consumer\user\order\user-order.component.js.map
C:\Users\harshilkansagara\source\repos\Zomato\Zomato\Zomato.Web\app\dist\out-tsc\src\app\model\review.js
C:\Users\harshilkansagara\source\repos\Zomato\Zomato\Zomato.Web\app\dist\out-tsc\src\app\model\review.js.map
C:\Users\harshilkansagara\source\repos\Zomato\Zomato\Zomato.Web\app\dist\out-tsc\src\app\model\like.js
C:\Users\harshilkansagara\source\repos\Zomato\Zomato\Zomato.Web\app\dist\out-tsc\src\app\model\like.js.map
C:\Users\harshilkansagara\source\repos\Zomato\Zomato\Zomato.Web\app\dist\out-tsc\src\app\service\like.service.js
C:\Users\harshilkansagara\source\repos\Zomato\Zomato\Zomato.Web\app\dist\out-tsc\src\app\service\like.service.js.map
C:\Users\harshilkansagara\source\repos\Zomato\Zomato\Zomato.Web\app\dist\out-tsc\src\app\model\comment.js
C:\Users\harshilkansagara\source\repos\Zomato\Zomato\Zomato.Web\app\dist\out-tsc\src\app\model\comment.js.map
C:\Users\harshilkansagara\source\repos\Zomato\Zomato\Zomato.Web\app\dist\out-tsc\src\app\service\comment.service.js
C:\Users\harshilkansagara\source\repos\Zomato\Zomato\Zomato.Web\app\dist\out-tsc\src\app\service\comment.service.js.map
C:\Users\harshilkansagara\source\repos\Zomato\Zomato\Zomato.Web\app\dist\out-tsc\src\app\service\review.service.js
C:\Users\harshilkansagara\source\repos\Zomato\Zomato\Zomato.Web\app\dist\out-tsc\src\app\service\review.service.js.map
C:\Users\harshilkansagara\source\repos\Zomato\Zomato\Zomato.Web\app\dist\out-tsc\src\app\consumer\restaurant\review\review-restaurant.component.js
C:\Users\harshilkansagara\source\repos\Zomato\Zomato\Zomato.Web\app\dist\out-tsc\src\app\consumer\restaurant\review\review-restaurant.component.js.map
C:\Users\harshilkansagara\source\repos\Zomato\Zomato\Zomato.Web\app\dist\out-tsc\src\app\admin\restaurant\detail\detail-restaurant.component.js
C:\Users\harshilkansagara\source\repos\Zomato\Zomato\Zomato.Web\app\dist\out-tsc\src\app\admin\restaurant\detail\detail-restaurant.component.js.map
C:\Users\harshilkansagara\source\repos\Zomato\Zomato\Zomato.Web\app\dist\out-tsc\src\app\service\auth-admin\auth-admin.interceptor.js
C:\Users\harshilkansagara\source\repos\Zomato\Zomato\Zomato.Web\app\dist\out-tsc\src\app\service\auth-admin\auth-admin.interceptor.js.map
C:\Users\harshilkansagara\source\repos\Zomato\Zomato\Zomato.Web\app\dist\out-tsc\src\app\service\auth-admin\auth-admin.guard.js
C:\Users\harshilkansagara\source\repos\Zomato\Zomato\Zomato.Web\app\dist\out-tsc\src\app\service\auth-admin\auth-admin.guard.js.map
C:\Users\harshilkansagara\source\repos\Zomato\Zomato\Zomato.Web\app\dist\out-tsc\src\app\admin\admin.module.js
C:\Users\harshilkansagara\source\repos\Zomato\Zomato\Zomato.Web\app\dist\out-tsc\src\app\admin\admin.module.js.map
C:\Users\harshilkansagara\source\repos\Zomato\Zomato\Zomato.Web\app\dist\out-tsc\src\app\consumer\home\home.component.js
C:\Users\harshilkansagara\source\repos\Zomato\Zomato\Zomato.Web\app\dist\out-tsc\src\app\consumer\home\home.component.js.map
C:\Users\harshilkansagara\source\repos\Zomato\Zomato\Zomato.Web\app\dist\out-tsc\src\app\consumer\restaurant\restaurant.component.js
C:\Users\harshilkansagara\source\repos\Zomato\Zomato\Zomato.Web\app\dist\out-tsc\src\app\consumer\restaurant\restaurant.component.js.map
C:\Users\harshilkansagara\source\repos\Zomato\Zomato\Zomato.Web\app\dist\out-tsc\src\app\consumer\user\user.component.js
C:\Users\harshilkansagara\source\repos\Zomato\Zomato\Zomato.Web\app\dist\out-tsc\src\app\consumer\user\user.component.js.map
C:\Users\harshilkansagara\source\repos\Zomato\Zomato\Zomato.Web\app\dist\out-tsc\src\app\model\shopping-cart.js
C:\Users\harshilkansagara\source\repos\Zomato\Zomato\Zomato.Web\app\dist\out-tsc\src\app\model\shopping-cart.js.map
C:\Users\harshilkansagara\source\repos\Zomato\Zomato\Zomato.Web\app\dist\out-tsc\src\app\service\storage.service.js
C:\Users\harshilkansagara\source\repos\Zomato\Zomato\Zomato.Web\app\dist\out-tsc\src\app\service\storage.service.js.map
C:\Users\harshilkansagara\source\repos\Zomato\Zomato\Zomato.Web\app\dist\out-tsc\src\app\model\userAddress.js
C:\Users\harshilkansagara\source\repos\Zomato\Zomato\Zomato.Web\app\dist\out-tsc\src\app\model\userAddress.js.map
C:\Users\harshilkansagara\source\repos\Zomato\Zomato\Zomato.Web\app\dist\out-tsc\src\app\service\cart.service.js
C:\Users\harshilkansagara\source\repos\Zomato\Zomato\Zomato.Web\app\dist\out-tsc\src\app\service\cart.service.js.map
C:\Users\harshilkansagara\source\repos\Zomato\Zomato\Zomato.Web\app\dist\out-tsc\src\app\service\user-address.service.js
C:\Users\harshilkansagara\source\repos\Zomato\Zomato\Zomato.Web\app\dist\out-tsc\src\app\service\user-address.service.js.map
C:\Users\harshilkansagara\source\repos\Zomato\Zomato\Zomato.Web\app\dist\out-tsc\src\app\model\ICartItemWithItems.js
C:\Users\harshilkansagara\source\repos\Zomato\Zomato\Zomato.Web\app\dist\out-tsc\src\app\model\ICartItemWithItems.js.map
C:\Users\harshilkansagara\source\repos\Zomato\Zomato\Zomato.Web\app\dist\out-tsc\src\app\consumer\restaurant\checkout\checkout.component.js
C:\Users\harshilkansagara\source\repos\Zomato\Zomato\Zomato.Web\app\dist\out-tsc\src\app\consumer\restaurant\checkout\checkout.component.js.map
C:\Users\harshilkansagara\source\repos\Zomato\Zomato\Zomato.Web\app\dist\out-tsc\src\app\consumer\consumer.module.js
C:\Users\harshilkansagara\source\repos\Zomato\Zomato\Zomato.Web\app\dist\out-tsc\src\app\consumer\consumer.module.js.map
C:\Users\harshilkansagara\source\repos\Zomato\Zomato\Zomato.Web\app\dist\out-tsc\src\app\service\rest-cuisines.service.js
C:\Users\harshilkansagara\source\repos\Zomato\Zomato\Zomato.Web\app\dist\out-tsc\src\app\service\rest-cuisines.service.js.map
C:\Users\harshilkansagara\source\repos\Zomato\Zomato\Zomato.Web\app\dist\out-tsc\src\app\service\rest-category.service.js
C:\Users\harshilkansagara\source\repos\Zomato\Zomato\Zomato.Web\app\dist\out-tsc\src\app\service\rest-category.service.js.map
C:\Users\harshilkansagara\source\repos\Zomato\Zomato\Zomato.Web\app\dist\out-tsc\src\app\consumer\restaurant\list\list-restaurant-user.component.js
C:\Users\harshilkansagara\source\repos\Zomato\Zomato\Zomato.Web\app\dist\out-tsc\src\app\consumer\restaurant\list\list-restaurant-user.component.js.map
C:\Users\harshilkansagara\source\repos\Zomato\Zomato\Zomato.Web\app\dist\out-tsc\src\app\consumer\restaurant\detail\detail-restaurant-user.component.js
C:\Users\harshilkansagara\source\repos\Zomato\Zomato\Zomato.Web\app\dist\out-tsc\src\app\consumer\restaurant\detail\detail-restaurant-user.component.js.map
C:\Users\harshilkansagara\source\repos\Zomato\Zomato\Zomato.Web\app\dist\out-tsc\src\app\consumer\restaurant\menu\menu-restaurant.component.js
C:\Users\harshilkansagara\source\repos\Zomato\Zomato\Zomato.Web\app\dist\out-tsc\src\app\consumer\restaurant\menu\menu-restaurant.component.js.map
C:\Users\harshilkansagara\source\repos\Zomato\Zomato\Zomato.Web\app\dist\out-tsc\src\app\consumer\restaurant\item-cart\item-cart.component.js
C:\Users\harshilkansagara\source\repos\Zomato\Zomato\Zomato.Web\app\dist\out-tsc\src\app\consumer\restaurant\item-cart\item-cart.component.js.map
C:\Users\harshilkansagara\source\repos\Zomato\Zomato\Zomato.Web\app\dist\out-tsc\src\app\consumer\restaurant\order-confirm\order-confirm.component.js
C:\Users\harshilkansagara\source\repos\Zomato\Zomato\Zomato.Web\app\dist\out-tsc\src\app\consumer\restaurant\order-confirm\order-confirm.component.js.map
C:\Users\harshilkansagara\source\repos\Zomato\Zomato\Zomato.Web\app\dist\out-tsc\src\app\service\auth-user\auth-user.guard.js
C:\Users\harshilkansagara\source\repos\Zomato\Zomato\Zomato.Web\app\dist\out-tsc\src\app\service\auth-user\auth-user.guard.js.map
C:\Users\harshilkansagara\source\repos\Zomato\Zomato\Zomato.Web\app\dist\out-tsc\src\app\service\auth-user\auth-user.interceptor.js
C:\Users\harshilkansagara\source\repos\Zomato\Zomato\Zomato.Web\app\dist\out-tsc\src\app\service\auth-user\auth-user.interceptor.js.map
C:\Users\harshilkansagara\source\repos\Zomato\Zomato\Zomato.Web\app\dist\out-tsc\src\app\consumer\restaurant\restaurant.module.js
C:\Users\harshilkansagara\source\repos\Zomato\Zomato\Zomato.Web\app\dist\out-tsc\src\app\consumer\restaurant\restaurant.module.js.map
C:\Users\harshilkansagara\source\repos\Zomato\Zomato\Zomato.Web\app\dist\out-tsc\src\app\consumer\user\address\user-address.component.js
C:\Users\harshilkansagara\source\repos\Zomato\Zomato\Zomato.Web\app\dist\out-tsc\src\app\consumer\user\address\user-address.component.js.map
C:\Users\harshilkansagara\source\repos\Zomato\Zomato\Zomato.Web\app\dist\out-tsc\src\app\consumer\user\review\user-review.component.js
C:\Users\harshilkansagara\source\repos\Zomato\Zomato\Zomato.Web\app\dist\out-tsc\src\app\consumer\user\review\user-review.component.js.map
C:\Users\harshilkansagara\source\repos\Zomato\Zomato\Zomato.Web\app\dist\out-tsc\src\app\model\follow.js
C:\Users\harshilkansagara\source\repos\Zomato\Zomato\Zomato.Web\app\dist\out-tsc\src\app\model\follow.js.map
C:\Users\harshilkansagara\source\repos\Zomato\Zomato\Zomato.Web\app\dist\out-tsc\src\app\service\follow.service.js
C:\Users\harshilkansagara\source\repos\Zomato\Zomato\Zomato.Web\app\dist\out-tsc\src\app\service\follow.service.js.map
C:\Users\harshilkansagara\source\repos\Zomato\Zomato\Zomato.Web\app\dist\out-tsc\src\app\consumer\user\follower\user-follower.component.js
C:\Users\harshilkansagara\source\repos\Zomato\Zomato\Zomato.Web\app\dist\out-tsc\src\app\consumer\user\follower\user-follower.component.js.map
C:\Users\harshilkansagara\source\repos\Zomato\Zomato\Zomato.Web\app\dist\out-tsc\src\app\consumer\user\user.module.js
C:\Users\harshilkansagara\source\repos\Zomato\Zomato\Zomato.Web\app\dist\out-tsc\src\app\consumer\user\user.module.js.map
C:\Users\harshilkansagara\source\repos\Zomato\Zomato\Zomato.Web\app\dist\out-tsc\src\environments\environment.prod.js
C:\Users\harshilkansagara\source\repos\Zomato\Zomato\Zomato.Web\app\dist\out-tsc\src\environments\environment.prod.js.map
